0 info it worked if it ends with ok
1 verbose cli [ 'node', '/usr/local/bin/npm', 'install', 'phaser' ]
2 info using npm@2.9.1
3 info using node@v0.12.3
4 verbose install initial load of /Users/sidra.bhatti/Documents/Dev/wordsearch-proto/package.json
5 verbose readDependencies loading dependencies from /Users/sidra.bhatti/Documents/Dev/wordsearch-proto/package.json
6 silly cache add args [ 'phaser', null ]
7 verbose cache add spec phaser
8 silly cache add parsed spec { raw: 'phaser',
8 silly cache add   scope: null,
8 silly cache add   name: 'phaser',
8 silly cache add   rawSpec: '',
8 silly cache add   spec: '*',
8 silly cache add   type: 'range' }
9 silly addNamed phaser@*
10 verbose addNamed "*" is a valid semver range for phaser
11 silly addNameRange { name: 'phaser', range: '*', hasData: false }
12 silly mapToRegistry name phaser
13 silly mapToRegistry using default registry
14 silly mapToRegistry registry https://registry.npmjs.org/
15 silly mapToRegistry uri https://registry.npmjs.org/phaser
16 verbose addNameRange registry:https://registry.npmjs.org/phaser not in flight; fetching
17 verbose request uri https://registry.npmjs.org/phaser
18 verbose request no auth needed
19 info attempt registry request try #1 at 10:59:01 AM
20 verbose request id 42b39f494df558ea
21 http request GET https://registry.npmjs.org/phaser
22 http 200 https://registry.npmjs.org/phaser
23 silly get cb [ 200,
23 silly get   { server: 'CouchDB/1.6.1 (Erlang OTP/R16B03)',
23 silly get     etag: '"3C86XB4DM4HJIY8PDKFI7NUD6"',
23 silly get     'content-type': 'application/json',
23 silly get     'content-encoding': 'gzip',
23 silly get     'cache-control': 'max-age=300',
23 silly get     'content-length': '18599',
23 silly get     'accept-ranges': 'bytes',
23 silly get     date: 'Mon, 11 Jul 2016 15:59:04 GMT',
23 silly get     via: '1.1 varnish',
23 silly get     age: '0',
23 silly get     connection: 'keep-alive',
23 silly get     'x-served-by': 'cache-ord1722-ORD',
23 silly get     'x-cache': 'MISS',
23 silly get     'x-cache-hits': '0',
23 silly get     'x-timer': 'S1468252743.910562,VS0,VE781',
23 silly get     vary: 'Accept-Encoding' } ]
24 verbose get saving phaser to /Users/sidra.bhatti/.npm/registry.npmjs.org/phaser/.cache.json
25 silly addNameRange number 2 { name: 'phaser', range: '*', hasData: true }
26 silly addNameRange versions [ 'phaser',
26 silly addNameRange   [ '2.1.0',
26 silly addNameRange     '2.1.1',
26 silly addNameRange     '2.1.2',
26 silly addNameRange     '2.1.3',
26 silly addNameRange     '2.2.0',
26 silly addNameRange     '2.2.1',
26 silly addNameRange     '2.2.2',
26 silly addNameRange     '2.3.0',
26 silly addNameRange     '2.4.0',
26 silly addNameRange     '2.4.0-a',
26 silly addNameRange     '2.4.1',
26 silly addNameRange     '2.4.2',
26 silly addNameRange     '2.4.3',
26 silly addNameRange     '2.4.4',
26 silly addNameRange     '2.4.5',
26 silly addNameRange     '2.4.6',
26 silly addNameRange     '2.4.7',
26 silly addNameRange     '2.4.8',
26 silly addNameRange     '2.4.9',
26 silly addNameRange     '2.5.0',
26 silly addNameRange     '2.6.0',
26 silly addNameRange     '2.6.1' ] ]
27 silly addNamed phaser@2.6.1
28 verbose addNamed "2.6.1" is a plain semver version for phaser
29 silly mapToRegistry name phaser
30 silly mapToRegistry using default registry
31 silly mapToRegistry registry https://registry.npmjs.org/
32 silly mapToRegistry uri https://registry.npmjs.org/phaser
33 verbose addRemoteTarball https://registry.npmjs.org/phaser/-/phaser-2.6.1.tgz not in flight; adding
34 verbose addRemoteTarball [ 'https://registry.npmjs.org/phaser/-/phaser-2.6.1.tgz',
34 verbose addRemoteTarball   'a77d914f5f1890ff3bc0332d9b387e0b10c777c8' ]
35 info retry fetch attempt 1 at 10:59:07 AM
36 info attempt registry request try #1 at 10:59:07 AM
37 http fetch GET https://registry.npmjs.org/phaser/-/phaser-2.6.1.tgz
38 http fetch 200 https://registry.npmjs.org/phaser/-/phaser-2.6.1.tgz
39 silly fetchAndShaCheck shasum a77d914f5f1890ff3bc0332d9b387e0b10c777c8
40 verbose addTmpTarball /var/folders/1m/fhhnvk0s2_l5kl01l6vrb9x00000gp/T/npm-42244-d0c2cd8c/registry.npmjs.org/phaser/-/phaser-2.6.1.tgz not in flight; adding
41 verbose addTmpTarball already have metadata; skipping unpack for phaser@2.6.1
42 silly cache afterAdd phaser@2.6.1
43 verbose afterAdd /Users/sidra.bhatti/.npm/phaser/2.6.1/package/package.json not in flight; writing
44 verbose afterAdd /Users/sidra.bhatti/.npm/phaser/2.6.1/package/package.json written
45 silly install resolved [ { name: 'phaser',
45 silly install resolved     version: '2.6.1',
45 silly install resolved     release: 'Caemlyn',
45 silly install resolved     description: 'A fast, free and fun HTML5 Game Framework for Desktop and Mobile web browsers.',
45 silly install resolved     author:
45 silly install resolved      { name: 'Richard Davey',
45 silly install resolved        email: 'rdavey@gmail.com',
45 silly install resolved        url: 'http://www.photonstorm.com' },
45 silly install resolved     logo: 'https://raw.github.com/photonstorm/phaser/master/phaser-logo-small.png',
45 silly install resolved     homepage: 'http://phaser.io',
45 silly install resolved     bugs: { url: 'https://github.com/photonstorm/phaser/issues' },
45 silly install resolved     license: 'MIT',
45 silly install resolved     licenseUrl: 'http://www.opensource.org/licenses/mit-license.php',
45 silly install resolved     main: './build/phaser.js',
45 silly install resolved     repository:
45 silly install resolved      { type: 'git',
45 silly install resolved        url: 'https://photonstorm@github.com/photonstorm/phaser.git' },
45 silly install resolved     scripts: { test: 'NODE_ENV=test grunt jshint' },
45 silly install resolved     keywords:
45 silly install resolved      [ '2d',
45 silly install resolved        'HTML5',
45 silly install resolved        'WebGL',
45 silly install resolved        'canvas',
45 silly install resolved        'game',
45 silly install resolved        'javascript',
45 silly install resolved        'physics',
45 silly install resolved        'tweens',
45 silly install resolved        'typescript',
45 silly install resolved        'web audio' ],
45 silly install resolved     devDependencies:
45 silly install resolved      { grunt: '^0.4.5',
45 silly install resolved        'grunt-contrib-clean': '^0.5.0',
45 silly install resolved        'grunt-contrib-concat': '^0.4.0',
45 silly install resolved        'grunt-contrib-connect': '^0.7.1',
45 silly install resolved        'grunt-contrib-copy': '^0.5.0',
45 silly install resolved        'grunt-contrib-jshint': '^0.9.2',
45 silly install resolved        'grunt-contrib-uglify': '^0.4.0',
45 silly install resolved        'grunt-git': '^0.3.3',
45 silly install resolved        'grunt-jsdoc': '~0.6.2-beta',
45 silly install resolved        'grunt-notify': '^0.3.0',
45 silly install resolved        'grunt-text-replace': '^0.3.11',
45 silly install resolved        jsdoc: '~3.3.0-alpha10',
45 silly install resolved        'load-grunt-config': '~0.7.2',
45 silly install resolved        typescript: '1.4.1',
45 silly install resolved        yuidocjs: '^0.3.50' },
45 silly install resolved     typings: './typescript/typings.json',
45 silly install resolved     typescript: { definitions: [Object] },
45 silly install resolved     gitHead: 'f2daaec98c095c9b9e4279a618171b051756b895',
45 silly install resolved     _id: 'phaser@2.6.1',
45 silly install resolved     _shasum: 'a77d914f5f1890ff3bc0332d9b387e0b10c777c8',
45 silly install resolved     _from: 'phaser@*',
45 silly install resolved     _npmVersion: '2.5.1',
45 silly install resolved     _nodeVersion: '0.12.1',
45 silly install resolved     _npmUser: { name: 'photonstorm', email: 'rdavey@gmail.com' },
45 silly install resolved     maintainers: [ [Object] ],
45 silly install resolved     dist:
45 silly install resolved      { shasum: 'a77d914f5f1890ff3bc0332d9b387e0b10c777c8',
45 silly install resolved        tarball: 'https://registry.npmjs.org/phaser/-/phaser-2.6.1.tgz' },
45 silly install resolved     _npmOperationalInternal:
45 silly install resolved      { host: 'packages-16-east.internal.npmjs.com',
45 silly install resolved        tmp: 'tmp/phaser-2.6.1.tgz_1468228385283_0.8358370035421103' },
45 silly install resolved     directories: {},
45 silly install resolved     _resolved: 'https://registry.npmjs.org/phaser/-/phaser-2.6.1.tgz' } ]
46 info install phaser@2.6.1 into /Users/sidra.bhatti/Documents/Dev/wordsearch-proto
47 info installOne phaser@2.6.1
48 verbose installOne of phaser to /Users/sidra.bhatti/Documents/Dev/wordsearch-proto not in flight; installing
49 warn locking Error: EACCES, open '/Users/sidra.bhatti/.npm/_locks/phaser-e6e0ec2f6a4b4def.lock'
49 warn locking     at Error (native)
49 warn locking  /Users/sidra.bhatti/.npm/_locks/phaser-e6e0ec2f6a4b4def.lock failed { [Error: EACCES, open '/Users/sidra.bhatti/.npm/_locks/phaser-e6e0ec2f6a4b4def.lock']
49 warn locking   errno: -13,
49 warn locking   code: 'EACCES',
49 warn locking   path: '/Users/sidra.bhatti/.npm/_locks/phaser-e6e0ec2f6a4b4def.lock' }
50 verbose stack Error: Attempt to unlock /Users/sidra.bhatti/Documents/Dev/wordsearch-proto/node_modules/phaser, which hasn't been locked
50 verbose stack     at unlock (/usr/local/lib/node_modules/npm/lib/utils/locker.js:66:11)
50 verbose stack     at cb (/usr/local/lib/node_modules/npm/lib/install.js:1015:5)
50 verbose stack     at /usr/local/lib/node_modules/npm/lib/install.js:1019:20
50 verbose stack     at /usr/local/lib/node_modules/npm/lib/utils/locker.js:40:9
50 verbose stack     at cb (/usr/local/lib/node_modules/npm/node_modules/lockfile/lockfile.js:149:38)
50 verbose stack     at /usr/local/lib/node_modules/npm/node_modules/lockfile/lockfile.js:177:38
50 verbose stack     at FSReqWrap.oncomplete (fs.js:95:15)
51 verbose cwd /Users/sidra.bhatti/Documents/Dev/wordsearch-proto
52 error Darwin 14.5.0
53 error argv "node" "/usr/local/bin/npm" "install" "phaser"
54 error node v0.12.3
55 error npm  v2.9.1
56 error Attempt to unlock /Users/sidra.bhatti/Documents/Dev/wordsearch-proto/node_modules/phaser, which hasn't been locked
57 error If you need help, you may report this error at:
57 error     <https://github.com/npm/npm/issues>
58 verbose exit [ 1, true ]
